{
  "stats": {
    "suites": 1,
    "tests": 10,
    "passes": 10,
    "pending": 0,
    "failures": 0,
    "start": "2026-07-14T10:40:34.894Z",
    "end": "2026-07-14T10:40:50.322Z",
    "duration": 15428,
    "testsRegistered": 10,
    "passPercent": 100,
    "pendingPercent": 0,
    "other": 0,
    "hasOther": false,
    "skipped": 0,
    "hasSkipped": false
  },
  "results": [
    {
      "uuid": "d71a285f-9a2e-473d-8534-b6eb0e54f8e8",
      "title": "",
      "fullFile": "cypress/e2e/navigation/navigation.spec.js",
      "file": "cypress/e2e/navigation/navigation.spec.js",
      "beforeHooks": [],
      "afterHooks": [],
      "tests": [],
      "suites": [
        {
          "uuid": "480cb49c-2542-4d35-9556-1f1cd5925047",
          "title": "Public Navigation",
          "fullFile": "",
          "file": "",
          "beforeHooks": [],
          "afterHooks": [],
          "tests": [
            {
              "title": "should display all navigation menu items",
              "fullTitle": "Public Navigation should display all navigation menu items",
              "timedOut": null,
              "duration": 1341,
              "state": "passed",
              "speed": "fast",
              "pass": true,
              "fail": false,
              "pending": false,
              "context": null,
              "code": "marketingHomePage.verifyLoaded();\nmarketingHomePage.verifyNavigationVisible();\nmarketingHomePage.verifyNavigationItems();",
              "err": {},
              "uuid": "d1e72519-d214-4f99-8301-5f9f213da9e3",
              "parentUUID": "480cb49c-2542-4d35-9556-1f1cd5925047",
              "isHook": false,
              "skipped": false
            },
            {
              "title": "should navigate to Explore",
              "fullTitle": "Public Navigation should navigate to Explore",
              "timedOut": null,
              "duration": 1980,
              "state": "passed",
              "speed": "fast",
              "pass": true,
              "fail": false,
              "pending": false,
              "context": null,
              "code": "marketingHomePage.clickNavigationItem(link.text);\nmarketingHomePage.verifyCurrentPath(link.href);",
              "err": {},
              "uuid": "f8d80ef8-0e4c-453c-876c-fafeefcfb8db",
              "parentUUID": "480cb49c-2542-4d35-9556-1f1cd5925047",
              "isHook": false,
              "skipped": false
            },
            {
              "title": "should navigate to Features",
              "fullTitle": "Public Navigation should navigate to Features",
              "timedOut": null,
              "duration": 1299,
              "state": "passed",
              "speed": "fast",
              "pass": true,
              "fail": false,
              "pending": false,
              "context": null,
              "code": "marketingHomePage.clickNavigationItem(link.text);\nmarketingHomePage.verifyCurrentPath(link.href);",
              "err": {},
              "uuid": "3fbca85f-aa58-490f-88ea-277ccedf99c2",
              "parentUUID": "480cb49c-2542-4d35-9556-1f1cd5925047",
              "isHook": false,
              "skipped": false
            },
            {
              "title": "should navigate to OTC Desk",
              "fullTitle": "Public Navigation should navigate to OTC Desk",
              "timedOut": null,
              "duration": 1393,
              "state": "passed",
              "speed": "fast",
              "pass": true,
              "fail": false,
              "pending": false,
              "context": null,
              "code": "marketingHomePage.clickNavigationItem(link.text);\nmarketingHomePage.verifyCurrentPath(link.href);",
              "err": {},
              "uuid": "8f6c434a-db9f-4872-a148-56e825ddd7ba",
              "parentUUID": "480cb49c-2542-4d35-9556-1f1cd5925047",
              "isHook": false,
              "skipped": false
            },
            {
              "title": "should navigate to Company",
              "fullTitle": "Public Navigation should navigate to Company",
              "timedOut": null,
              "duration": 1319,
              "state": "passed",
              "speed": "fast",
              "pass": true,
              "fail": false,
              "pending": false,
              "context": null,
              "code": "marketingHomePage.clickNavigationItem(link.text);\nmarketingHomePage.verifyCurrentPath(link.href);",
              "err": {},
              "uuid": "6b700500-789a-4c78-a2d9-ffb7fe8ea1e1",
              "parentUUID": "480cb49c-2542-4d35-9556-1f1cd5925047",
              "isHook": false,
              "skipped": false
            },
            {
              "title": "should navigate to Support",
              "fullTitle": "Public Navigation should navigate to Support",
              "timedOut": null,
              "duration": 1350,
              "state": "passed",
              "speed": "fast",
              "pass": true,
              "fail": false,
              "pending": false,
              "context": null,
              "code": "marketingHomePage.clickNavigationItem(link.text);\nmarketingHomePage.verifyCurrentPath(link.href);",
              "err": {},
              "uuid": "28b12926-0bec-4264-acba-465370659e33",
              "parentUUID": "480cb49c-2542-4d35-9556-1f1cd5925047",
              "isHook": false,
              "skipped": false
            },
            {
              "title": "should verify '$MBG' navigation",
              "fullTitle": "Public Navigation should verify '$MBG' navigation",
              "timedOut": null,
              "duration": 1207,
              "state": "passed",
              "speed": "fast",
              "pass": true,
              "fail": false,
              "pending": false,
              "context": null,
              "code": "marketingHomePage.verifyExternalNavigationLink(link.text, link.href, link.target);",
              "err": {},
              "uuid": "7600c3d4-c80c-4589-89b2-5f01fcf635fe",
              "parentUUID": "480cb49c-2542-4d35-9556-1f1cd5925047",
              "isHook": false,
              "skipped": false
            },
            {
              "title": "should display desktop navigation at 1440x900",
              "fullTitle": "Public Navigation should display desktop navigation at 1440x900",
              "timedOut": null,
              "duration": 1257,
              "state": "passed",
              "speed": "fast",
              "pass": true,
              "fail": false,
              "pending": false,
              "context": null,
              "code": "cy.viewport(1440, 900);\nmarketingHomePage.verifyLoaded();\nmarketingHomePage.verifyNavigationVisible();",
              "err": {},
              "uuid": "1c91fa57-11d6-42fa-9a57-6f5d3acef294",
              "parentUUID": "480cb49c-2542-4d35-9556-1f1cd5925047",
              "isHook": false,
              "skipped": false
            },
            {
              "title": "should display hero marketing banner",
              "fullTitle": "Public Navigation should display hero marketing banner",
              "timedOut": null,
              "duration": 1419,
              "state": "passed",
              "speed": "fast",
              "pass": true,
              "fail": false,
              "pending": false,
              "context": null,
              "code": "marketingHomePage.verifyHeroBanner();\nmarketingHomePage.verifyHeroCallToActions();",
              "err": {},
              "uuid": "7bc25d64-5509-4573-b059-53c73b7bf8ad",
              "parentUUID": "480cb49c-2542-4d35-9556-1f1cd5925047",
              "isHook": false,
              "skipped": false
            },
            {
              "title": "should expose a valid app download link",
              "fullTitle": "Public Navigation should expose a valid app download link",
              "timedOut": null,
              "duration": 1177,
              "state": "passed",
              "speed": "fast",
              "pass": true,
              "fail": false,
              "pending": false,
              "context": null,
              "code": "marketingHomePage.verifyDownloadAppLink();",
              "err": {},
              "uuid": "1c2f384e-52df-43cd-a7b2-c0cda1581f2a",
              "parentUUID": "480cb49c-2542-4d35-9556-1f1cd5925047",
              "isHook": false,
              "skipped": false
            }
          ],
          "suites": [],
          "passes": [
            "d1e72519-d214-4f99-8301-5f9f213da9e3",
            "f8d80ef8-0e4c-453c-876c-fafeefcfb8db",
            "3fbca85f-aa58-490f-88ea-277ccedf99c2",
            "8f6c434a-db9f-4872-a148-56e825ddd7ba",
            "6b700500-789a-4c78-a2d9-ffb7fe8ea1e1",
            "28b12926-0bec-4264-acba-465370659e33",
            "7600c3d4-c80c-4589-89b2-5f01fcf635fe",
            "1c91fa57-11d6-42fa-9a57-6f5d3acef294",
            "7bc25d64-5509-4573-b059-53c73b7bf8ad",
            "1c2f384e-52df-43cd-a7b2-c0cda1581f2a"
          ],
          "failures": [],
          "pending": [],
          "skipped": [],
          "duration": 13742,
          "root": false,
          "rootEmpty": false,
          "_timeout": 2000
        }
      ],
      "passes": [],
      "failures": [],
      "pending": [],
      "skipped": [],
      "duration": 0,
      "root": true,
      "rootEmpty": true,
      "_timeout": 2000
    }
  ],
  "meta": {
    "mocha": {
      "version": "7.2.0"
    },
    "mochawesome": {
      "options": {
        "quiet": false,
        "reportFilename": "mochawesome",
        "saveHtml": false,
        "saveJson": true,
        "consoleReporter": "spec",
        "useInlineDiffs": false,
        "code": true
      },
      "version": "7.1.4"
    },
    "marge": {
      "options": {
        "reportDir": "reports/json",
        "overwrite": false,
        "html": false,
        "json": true
      },
      "version": "6.3.2"
    }
  }
}